[02:49:08] [main/INFO]: Loading Minecraft 1.21.3 with Fabric Loader 0.16.9
[02:49:08] [main/INFO]: Loading 4 mods:
	- fabricloader 0.16.9
	   \-- mixinextras 0.4.1
	- java 21
	- minecraft 1.21.3
[02:49:08] [main/INFO]: SpongePowered MIXIN Subsystem Version=0.8.7 Source=file:/workspaces/fokinMsx/servidor_minecraft/libraries/net/fabricmc/sponge-mixin/0.15.4+mixin.0.8.7/sponge-mixin-0.15.4+mixin.0.8.7.jar Service=Knot/Fabric Env=SERVER
[02:49:14] [main/INFO]: Environment: Environment[sessionHost=https://sessionserver.mojang.com, servicesHost=https://api.minecraftservices.com, name=PROD]
[02:49:15] [main/INFO]: No existing world data, creating new world
[02:49:16] [main/INFO]: Loaded 1337 recipes
[02:49:16] [main/INFO]: Loaded 1448 advancements
[02:49:16] [Server thread/INFO]: Starting minecraft server version 1.21.3
[02:49:16] [Server thread/INFO]: Loading properties
[02:49:16] [Server thread/INFO]: Default game type: SURVIVAL
[02:49:16] [Server thread/INFO]: Generating keypair
[02:49:16] [Server thread/INFO]: Starting Minecraft server on *:25565
[02:49:16] [Server thread/INFO]: Using epoll channel type
[02:49:16] [Server thread/WARN]: **** SERVER IS RUNNING IN OFFLINE/INSECURE MODE!
[02:49:16] [Server thread/WARN]: The server will make no attempt to authenticate usernames. Beware.
[02:49:16] [Server thread/WARN]: While this makes the game possible to play without internet access, it also opens up the ability for hackers to connect with any username they choose.
[02:49:16] [Server thread/WARN]: To change this, set "online-mode" to "true" in the server.properties file.
[02:49:16] [Server thread/INFO]: Preparing level "world"
[02:49:22] [Server thread/INFO]: Preparing start region for dimension minecraft:overworld
[02:49:22] [Worker-Main-3/INFO]: Preparing spawn area: 2%
[02:49:23] [Worker-Main-2/INFO]: Preparing spawn area: 2%
[02:49:23] [Worker-Main-2/INFO]: Preparing spawn area: 2%
[02:49:24] [Worker-Main-2/INFO]: Preparing spawn area: 2%
[02:49:24] [Worker-Main-2/INFO]: Preparing spawn area: 18%
[02:49:25] [Worker-Main-3/INFO]: Preparing spawn area: 18%
[02:49:25] [Worker-Main-2/INFO]: Preparing spawn area: 48%
[02:49:26] [Worker-Main-2/INFO]: Preparing spawn area: 51%
[02:49:26] [Worker-Main-3/INFO]: Preparing spawn area: 51%
[02:49:27] [Worker-Main-3/INFO]: Preparing spawn area: 51%
[02:49:27] [Server thread/INFO]: Time elapsed: 4615 ms
[02:49:27] [Server thread/INFO]: Done (10.586s)! For help, type "help"
[02:50:27] [Server thread/INFO]: Server empty for 60 seconds, pausing
